2022-11-29 15:18:32,054 |    INFO | client | asd
2022-11-29 15:18:32,054 |    INFO | client | asd
2022-11-29 15:18:32,086 |    INFO | client | fnc: making_magic | args: (1, 2) | kwargs: {} | stated in: I:\docker_practice\gb_client_server_apps\project\logs\test.py | Called from function baking_cakes line 13 | 
2022-11-29 15:18:32,086 |    INFO | client | fnc: making_magic | args: (1, 2) | kwargs: {} | stated in: I:\docker_practice\gb_client_server_apps\project\logs\test.py | Called from function baking_cakes line 13 | 
2022-11-29 15:18:43,411 |    INFO | client | asd
2022-11-29 15:18:43,411 |    INFO | client | asd
2022-11-29 15:18:43,444 |    INFO | client | fnc: making_magic | args: (1, 2) | kwargs: {} | stated in: I:\docker_practice\gb_client_server_apps\project\logs\test.py | Called from function baking_cakes line 13 | 
2022-11-29 15:18:43,444 |    INFO | client | fnc: making_magic | args: (1, 2) | kwargs: {} | stated in: I:\docker_practice\gb_client_server_apps\project\logs\test.py | Called from function baking_cakes line 13 | 
2022-11-29 15:18:52,747 |    INFO | client | asd
2022-11-29 15:18:52,747 |    INFO | client | asd
2022-11-29 15:18:52,780 |    INFO | client | fnc: making_magic | args: (1, 2) | kwargs: {} | stated in: I:\docker_practice\gb_client_server_apps\project\logs\test.py | Called from function baking_cakes line 13 | 
2022-11-29 15:18:52,780 |    INFO | client | fnc: making_magic | args: (1, 2) | kwargs: {} | stated in: I:\docker_practice\gb_client_server_apps\project\logs\test.py | Called from function baking_cakes line 13 | 
2022-11-29 15:18:59,093 |    INFO | client | asd
2022-11-29 15:18:59,093 |    INFO | client | asd
2022-11-29 15:18:59,125 |    INFO | client | fnc: making_magic | args: (1, 2) | kwargs: {} | stated in: I:\docker_practice\gb_client_server_apps\project\logs\test.py | Called from function baking_cakes line 13 | 
2022-11-29 15:18:59,125 |    INFO | client | fnc: making_magic | args: (1, 2) | kwargs: {} | stated in: I:\docker_practice\gb_client_server_apps\project\logs\test.py | Called from function baking_cakes line 13 | 
2022-11-29 15:19:29,759 |    INFO | client | fnc: make_secure_password | args: ('password',) | kwargs: {} | stated in: I:\docker_practice\gb_client_server_apps\project\utils\utils.py | Called from function verify_password line 145 | 
2022-11-29 16:43:47,158 |    INFO | client | Connecting to: 127.0.0.1:4444
2022-11-29 16:43:47,167 |    INFO | client | Logging as u2...
2022-11-29 16:43:47,167 |    INFO | client | Starting input thread
2022-11-29 16:45:48,621 |   ERROR | client | Server has disconnected
2022-11-29 16:45:52,518 |    INFO | client | Connecting to: 127.0.0.1:4444
2022-11-29 16:45:52,526 |    INFO | client | Logging as u2...
2022-11-29 16:45:52,526 |    INFO | client | Starting input thread
2022-11-29 16:46:38,441 |    INFO | client | Connection terminated
2022-11-30 11:48:22,898 |    INFO | client | Connecting to: 127.0.0.1:4444
2022-11-30 11:48:22,919 |    INFO | client | Logging as u2...
2022-11-30 11:48:22,919 |    INFO | client | Starting input thread
2022-11-30 11:48:25,789 |   ERROR | client | Server has disconnected
2022-11-30 12:07:28,594 |    INFO | client | Connecting to: 127.0.0.1:4444
2022-11-30 12:07:28,605 |    INFO | client | Logging as u2...
2022-11-30 12:07:28,605 |    INFO | client | Starting input thread
2022-11-30 12:07:41,947 |   ERROR | client | Server has disconnected
2022-11-30 12:15:20,286 |    INFO | client | Connecting to: 127.0.0.1:4444
2022-11-30 12:15:20,294 |    INFO | client | Logging as u2...
2022-11-30 12:15:20,295 |    INFO | client | Starting input thread
2022-11-30 12:15:29,489 |    INFO | client | Connecting to: 127.0.0.1:4444
2022-11-30 12:15:29,495 |    INFO | client | Logging as u2...
2022-11-30 12:15:29,495 |    INFO | client | Starting input thread
2022-11-30 12:16:06,556 |   ERROR | client | Server has disconnected
2022-11-30 12:16:11,291 |   ERROR | client | Server has disconnected
2022-11-30 12:17:11,270 |    INFO | client | Connecting to: 127.0.0.1:4444
2022-11-30 12:17:11,277 |    INFO | client | Logging as u2...
2022-11-30 12:17:11,277 |    INFO | client | Starting input thread
2022-11-30 12:17:33,838 |    INFO | client | Connection terminated
2022-11-30 12:17:37,777 |    INFO | client | Connecting to: 127.0.0.1:4444
2022-11-30 12:17:37,784 |    INFO | client | Logging as u2...
2022-11-30 12:17:37,784 |    INFO | client | Starting input thread
2022-11-30 12:17:55,292 |   ERROR | client | Server has disconnected
2022-11-30 12:19:28,265 |    INFO | client | Connecting to: 127.0.0.1:4444
2022-11-30 12:19:28,271 |    INFO | client | Logging as u2...
2022-11-30 12:19:28,271 |    INFO | client | Starting input thread
2022-11-30 12:19:31,617 |   ERROR | client | Server has disconnected
2022-11-30 12:19:58,828 |    INFO | client | Connecting to: 127.0.0.1:4444
2022-11-30 12:19:58,835 |    INFO | client | Logging as u2...
2022-11-30 12:19:58,835 |    INFO | client | Starting input thread
2022-11-30 12:20:01,898 | WARNING | client | Server has disconnected
